TN:
SF:src\async.js
FN:1,fetchProduct
FNF:1
FNH:1
FNDA:5,fetchProduct
DA:1,5
DA:2,5
DA:3,1
DA:4,1
DA:5,4
DA:6,4
DA:7,1
DA:8,1
LF:8
LH:8
BRDA:1,0,0,5
BRDA:2,1,0,1
BRDA:4,2,0,4
BRF:3
BRH:3
end_of_record
TN:
SF:src\calculator.js
FN:2,Calculator
FN:5,set
FN:8,clear
FN:11,add
FN:18,substract
FN:21,multiply
FN:24,divide
FNF:7
FNH:7
FNDA:9,Calculator
FNDA:5,set
FNDA:1,clear
FNDA:2,add
FNDA:1,substract
FNDA:1,multiply
FNDA:3,divide
DA:1,1
DA:2,1
DA:3,9
DA:4,9
DA:5,1
DA:6,5
DA:7,5
DA:8,1
DA:9,1
DA:10,1
DA:11,1
DA:12,2
DA:13,2
DA:14,1
DA:15,1
DA:16,1
DA:17,1
DA:18,1
DA:19,1
DA:20,1
DA:21,1
DA:22,1
DA:23,1
DA:24,1
DA:25,3
DA:26,3
DA:27,1
DA:28,1
DA:29,1
LF:29
LH:29
BRDA:2,0,0,9
BRDA:5,1,0,5
BRDA:8,2,0,1
BRDA:11,3,0,2
BRDA:13,4,0,1
BRDA:18,5,0,1
BRDA:21,6,0,1
BRDA:24,7,0,3
BRF:8
BRH:8
end_of_record
